2019-02-11 14:50:39,088 INFO  [Log] **************************************************************************************** 
2019-02-11 14:50:39,089 INFO  [Log] **************************************************************************************** 
2019-02-11 14:50:39,089 INFO  [Log] $$$$$$$$$$$$$$$$$$$$$                 Scenario       $$$$$$$$$$$$$$$$$$$$$$$$$ 
2019-02-11 14:50:39,089 INFO  [Log] **************************************************************************************** 
2019-02-11 14:50:39,089 INFO  [Log] **************************************************************************************** 
2019-02-11 14:50:41,650 INFO  [Log] XXXXXXXXXXXXXXXXXXXXXXX             -E---N---D-             XXXXXXXXXXXXXXXXXXXXXX 
2019-02-11 14:50:41,650 INFO  [Log] X 
2019-02-11 14:50:41,650 INFO  [Log] X 
2019-02-11 14:50:41,650 INFO  [Log] X 
2019-02-11 14:50:41,650 INFO  [Log] X 
2019-02-11 14:50:43,639 INFO  [Log] **************************************************************************************** 
2019-02-11 14:50:43,639 INFO  [Log] **************************************************************************************** 
2019-02-11 14:50:43,639 INFO  [Log] $$$$$$$$$$$$$$$$$$$$$                 Scenario       $$$$$$$$$$$$$$$$$$$$$$$$$ 
2019-02-11 14:50:43,639 INFO  [Log] **************************************************************************************** 
2019-02-11 14:50:43,639 INFO  [Log] **************************************************************************************** 
2019-02-11 14:50:46,195 INFO  [Log] I am in Santander step def 
2019-02-11 14:50:56,614 INFO  [Log] XXXXXXXXXXXXXXXXXXXXXXX             -E---N---D-             XXXXXXXXXXXXXXXXXXXXXX 
2019-02-11 14:50:56,614 INFO  [Log] X 
2019-02-11 14:50:56,614 INFO  [Log] X 
2019-02-11 14:50:56,614 INFO  [Log] X 
2019-02-11 14:50:56,614 INFO  [Log] X 
