2019-02-12 17:53:03,377 INFO  [Log] **************************************************************************************** 
2019-02-12 17:53:03,378 INFO  [Log] **************************************************************************************** 
2019-02-12 17:53:03,378 INFO  [Log] $$$$$$$$$$$$$$$$$$$$$                 test login page elements       $$$$$$$$$$$$$$$$$$$$$$$$$ 
2019-02-12 17:53:03,378 INFO  [Log] **************************************************************************************** 
2019-02-12 17:53:03,378 INFO  [Log] **************************************************************************************** 
2019-02-12 17:53:05,887 INFO  [Log] XXXXXXXXXXXXXXXXXXXXXXX             -E---N---D-             XXXXXXXXXXXXXXXXXXXXXX 
2019-02-12 17:53:05,888 INFO  [Log] X 
2019-02-12 17:53:05,888 INFO  [Log] X 
2019-02-12 17:53:05,888 INFO  [Log] X 
2019-02-12 17:53:05,888 INFO  [Log] X 
2019-02-12 17:53:07,682 INFO  [Log] **************************************************************************************** 
2019-02-12 17:53:07,682 INFO  [Log] **************************************************************************************** 
2019-02-12 17:53:07,682 INFO  [Log] $$$$$$$$$$$$$$$$$$$$$                 access to santander retail platform       $$$$$$$$$$$$$$$$$$$$$$$$$ 
2019-02-12 17:53:07,682 INFO  [Log] **************************************************************************************** 
2019-02-12 17:53:07,682 INFO  [Log] **************************************************************************************** 
2019-02-12 17:53:12,994 INFO  [Log] I am in Santander step def 
2019-02-12 17:53:23,431 INFO  [Log] XXXXXXXXXXXXXXXXXXXXXXX             -E---N---D-             XXXXXXXXXXXXXXXXXXXXXX 
2019-02-12 17:53:23,431 INFO  [Log] X 
2019-02-12 17:53:23,431 INFO  [Log] X 
2019-02-12 17:53:23,431 INFO  [Log] X 
2019-02-12 17:53:23,431 INFO  [Log] X 
2019-02-12 17:58:24,501 INFO  [Log] XXXXXXXXXXXXXXXXXXXXXXX             -E---N---D-             XXXXXXXXXXXXXXXXXXXXXX 
2019-02-12 17:58:24,502 INFO  [Log] X 
2019-02-12 17:58:24,502 INFO  [Log] X 
2019-02-12 17:58:24,502 INFO  [Log] X 
2019-02-12 17:58:24,502 INFO  [Log] X 
2019-02-12 17:58:24,539 INFO  [Log] XXXXXXXXXXXXXXXXXXXXXXX             -E---N---D-             XXXXXXXXXXXXXXXXXXXXXX 
2019-02-12 17:58:24,539 INFO  [Log] X 
2019-02-12 17:58:24,539 INFO  [Log] X 
2019-02-12 17:58:24,540 INFO  [Log] X 
2019-02-12 17:58:24,540 INFO  [Log] X 
2019-02-12 17:59:54,796 INFO  [Log] XXXXXXXXXXXXXXXXXXXXXXX             -E---N---D-             XXXXXXXXXXXXXXXXXXXXXX 
2019-02-12 17:59:54,807 INFO  [Log] X 
2019-02-12 17:59:54,807 INFO  [Log] X 
2019-02-12 17:59:54,807 INFO  [Log] X 
2019-02-12 17:59:54,807 INFO  [Log] X 
2019-02-12 17:59:54,857 INFO  [Log] XXXXXXXXXXXXXXXXXXXXXXX             -E---N---D-             XXXXXXXXXXXXXXXXXXXXXX 
2019-02-12 17:59:54,857 INFO  [Log] X 
2019-02-12 17:59:54,857 INFO  [Log] X 
2019-02-12 17:59:54,857 INFO  [Log] X 
2019-02-12 17:59:54,857 INFO  [Log] X 
2019-02-12 18:00:36,626 INFO  [Log] **************************************************************************************** 
2019-02-12 18:00:36,626 INFO  [Log] **************************************************************************************** 
2019-02-12 18:00:36,626 INFO  [Log] $$$$$$$$$$$$$$$$$$$$$                 test login page elements       $$$$$$$$$$$$$$$$$$$$$$$$$ 
2019-02-12 18:00:36,626 INFO  [Log] **************************************************************************************** 
2019-02-12 18:00:36,626 INFO  [Log] **************************************************************************************** 
2019-02-12 18:00:39,009 INFO  [Log] XXXXXXXXXXXXXXXXXXXXXXX             -E---N---D-             XXXXXXXXXXXXXXXXXXXXXX 
2019-02-12 18:00:39,009 INFO  [Log] X 
2019-02-12 18:00:39,009 INFO  [Log] X 
2019-02-12 18:00:39,009 INFO  [Log] X 
2019-02-12 18:00:39,009 INFO  [Log] X 
2019-02-12 18:00:40,504 INFO  [Log] **************************************************************************************** 
2019-02-12 18:00:40,504 INFO  [Log] **************************************************************************************** 
2019-02-12 18:00:40,504 INFO  [Log] $$$$$$$$$$$$$$$$$$$$$                 access to santander retail platform       $$$$$$$$$$$$$$$$$$$$$$$$$ 
2019-02-12 18:00:40,504 INFO  [Log] **************************************************************************************** 
2019-02-12 18:00:40,504 INFO  [Log] **************************************************************************************** 
2019-02-12 18:00:43,206 INFO  [Log] I am in Santander step def 
2019-02-12 18:00:53,630 INFO  [Log] XXXXXXXXXXXXXXXXXXXXXXX             -E---N---D-             XXXXXXXXXXXXXXXXXXXXXX 
2019-02-12 18:00:53,631 INFO  [Log] X 
2019-02-12 18:00:53,631 INFO  [Log] X 
2019-02-12 18:00:53,631 INFO  [Log] X 
2019-02-12 18:00:53,631 INFO  [Log] X 
2019-02-12 18:02:18,030 INFO  [Log] **************************************************************************************** 
2019-02-12 18:02:18,031 INFO  [Log] **************************************************************************************** 
2019-02-12 18:02:18,031 INFO  [Log] $$$$$$$$$$$$$$$$$$$$$                 test login page elements       $$$$$$$$$$$$$$$$$$$$$$$$$ 
2019-02-12 18:02:18,031 INFO  [Log] **************************************************************************************** 
2019-02-12 18:02:18,031 INFO  [Log] **************************************************************************************** 
2019-02-12 18:02:20,536 INFO  [Log] XXXXXXXXXXXXXXXXXXXXXXX             -E---N---D-             XXXXXXXXXXXXXXXXXXXXXX 
2019-02-12 18:02:20,536 INFO  [Log] X 
2019-02-12 18:02:20,536 INFO  [Log] X 
2019-02-12 18:02:20,536 INFO  [Log] X 
2019-02-12 18:02:20,536 INFO  [Log] X 
2019-02-12 18:02:22,176 INFO  [Log] **************************************************************************************** 
2019-02-12 18:02:22,176 INFO  [Log] **************************************************************************************** 
2019-02-12 18:02:22,176 INFO  [Log] $$$$$$$$$$$$$$$$$$$$$                 access to santander retail platform       $$$$$$$$$$$$$$$$$$$$$$$$$ 
2019-02-12 18:02:22,176 INFO  [Log] **************************************************************************************** 
2019-02-12 18:02:22,176 INFO  [Log] **************************************************************************************** 
2019-02-12 18:02:24,992 INFO  [Log] I am in Santander step def 
2019-02-12 18:02:35,482 INFO  [Log] XXXXXXXXXXXXXXXXXXXXXXX             -E---N---D-             XXXXXXXXXXXXXXXXXXXXXX 
2019-02-12 18:02:35,482 INFO  [Log] X 
2019-02-12 18:02:35,482 INFO  [Log] X 
2019-02-12 18:02:35,482 INFO  [Log] X 
2019-02-12 18:02:35,482 INFO  [Log] X 
2019-02-12 18:03:45,460 INFO  [Log] **************************************************************************************** 
2019-02-12 18:03:45,461 INFO  [Log] **************************************************************************************** 
2019-02-12 18:03:45,461 INFO  [Log] $$$$$$$$$$$$$$$$$$$$$                 test login page elements       $$$$$$$$$$$$$$$$$$$$$$$$$ 
2019-02-12 18:03:45,461 INFO  [Log] **************************************************************************************** 
2019-02-12 18:03:45,461 INFO  [Log] **************************************************************************************** 
2019-02-12 18:03:47,698 INFO  [Log] XXXXXXXXXXXXXXXXXXXXXXX             -E---N---D-             XXXXXXXXXXXXXXXXXXXXXX 
2019-02-12 18:03:47,698 INFO  [Log] X 
2019-02-12 18:03:47,698 INFO  [Log] X 
2019-02-12 18:03:47,698 INFO  [Log] X 
2019-02-12 18:03:47,698 INFO  [Log] X 
2019-02-12 18:03:49,111 INFO  [Log] **************************************************************************************** 
2019-02-12 18:03:49,112 INFO  [Log] **************************************************************************************** 
2019-02-12 18:03:49,112 INFO  [Log] $$$$$$$$$$$$$$$$$$$$$                 access to santander retail platform       $$$$$$$$$$$$$$$$$$$$$$$$$ 
2019-02-12 18:03:49,112 INFO  [Log] **************************************************************************************** 
2019-02-12 18:03:49,112 INFO  [Log] **************************************************************************************** 
2019-02-12 18:03:53,591 INFO  [Log] I am in Santander step def 
2019-02-12 18:04:04,063 INFO  [Log] XXXXXXXXXXXXXXXXXXXXXXX             -E---N---D-             XXXXXXXXXXXXXXXXXXXXXX 
2019-02-12 18:04:04,063 INFO  [Log] X 
2019-02-12 18:04:04,063 INFO  [Log] X 
2019-02-12 18:04:04,063 INFO  [Log] X 
2019-02-12 18:04:04,064 INFO  [Log] X 
2019-02-12 18:04:21,709 INFO  [Log] **************************************************************************************** 
2019-02-12 18:04:21,713 INFO  [Log] **************************************************************************************** 
2019-02-12 18:04:21,713 INFO  [Log] $$$$$$$$$$$$$$$$$$$$$                 test login page elements       $$$$$$$$$$$$$$$$$$$$$$$$$ 
2019-02-12 18:04:21,713 INFO  [Log] **************************************************************************************** 
2019-02-12 18:04:21,713 INFO  [Log] **************************************************************************************** 
2019-02-12 18:04:24,375 INFO  [Log] XXXXXXXXXXXXXXXXXXXXXXX             -E---N---D-             XXXXXXXXXXXXXXXXXXXXXX 
2019-02-12 18:04:24,375 INFO  [Log] X 
2019-02-12 18:04:24,375 INFO  [Log] X 
2019-02-12 18:04:24,375 INFO  [Log] X 
2019-02-12 18:04:24,375 INFO  [Log] X 
2019-02-12 18:04:25,808 INFO  [Log] **************************************************************************************** 
2019-02-12 18:04:25,808 INFO  [Log] **************************************************************************************** 
2019-02-12 18:04:25,808 INFO  [Log] $$$$$$$$$$$$$$$$$$$$$                 access to santander retail platform       $$$$$$$$$$$$$$$$$$$$$$$$$ 
2019-02-12 18:04:25,808 INFO  [Log] **************************************************************************************** 
2019-02-12 18:04:25,808 INFO  [Log] **************************************************************************************** 
2019-02-12 18:04:29,406 INFO  [Log] I am in Santander step def 
2019-02-12 18:04:39,855 INFO  [Log] XXXXXXXXXXXXXXXXXXXXXXX             -E---N---D-             XXXXXXXXXXXXXXXXXXXXXX 
2019-02-12 18:04:39,855 INFO  [Log] X 
2019-02-12 18:04:39,855 INFO  [Log] X 
2019-02-12 18:04:39,856 INFO  [Log] X 
2019-02-12 18:04:39,856 INFO  [Log] X 
2019-02-15 16:43:03,627 INFO  [Log] **************************************************************************************** 
2019-02-15 16:43:03,628 INFO  [Log] **************************************************************************************** 
2019-02-15 16:43:03,628 INFO  [Log] $$$$$$$$$$$$$$$$$$$$$                 test login page elements       $$$$$$$$$$$$$$$$$$$$$$$$$ 
2019-02-15 16:43:03,628 INFO  [Log] **************************************************************************************** 
2019-02-15 16:43:03,628 INFO  [Log] **************************************************************************************** 
2019-02-15 16:43:06,174 INFO  [Log] XXXXXXXXXXXXXXXXXXXXXXX             -E---N---D-             XXXXXXXXXXXXXXXXXXXXXX 
2019-02-15 16:43:06,174 INFO  [Log] X 
2019-02-15 16:43:06,175 INFO  [Log] X 
2019-02-15 16:43:06,175 INFO  [Log] X 
2019-02-15 16:43:06,175 INFO  [Log] X 
2019-02-15 16:43:35,289 INFO  [Log] **************************************************************************************** 
2019-02-15 16:43:35,289 INFO  [Log] **************************************************************************************** 
2019-02-15 16:43:35,289 INFO  [Log] $$$$$$$$$$$$$$$$$$$$$                 test login page elements       $$$$$$$$$$$$$$$$$$$$$$$$$ 
2019-02-15 16:43:35,289 INFO  [Log] **************************************************************************************** 
2019-02-15 16:43:35,289 INFO  [Log] **************************************************************************************** 
2019-02-15 16:43:38,257 INFO  [Log] XXXXXXXXXXXXXXXXXXXXXXX             -E---N---D-             XXXXXXXXXXXXXXXXXXXXXX 
2019-02-15 16:43:38,258 INFO  [Log] X 
2019-02-15 16:43:38,258 INFO  [Log] X 
2019-02-15 16:43:38,258 INFO  [Log] X 
2019-02-15 16:43:38,258 INFO  [Log] X 
2019-02-15 16:43:39,756 INFO  [Log] **************************************************************************************** 
2019-02-15 16:43:39,756 INFO  [Log] **************************************************************************************** 
2019-02-15 16:43:39,756 INFO  [Log] $$$$$$$$$$$$$$$$$$$$$                 test login page elements1       $$$$$$$$$$$$$$$$$$$$$$$$$ 
2019-02-15 16:43:39,756 INFO  [Log] **************************************************************************************** 
2019-02-15 16:43:39,757 INFO  [Log] **************************************************************************************** 
2019-02-15 16:43:42,087 INFO  [Log] XXXXXXXXXXXXXXXXXXXXXXX             -E---N---D-             XXXXXXXXXXXXXXXXXXXXXX 
2019-02-15 16:43:42,088 INFO  [Log] X 
2019-02-15 16:43:42,088 INFO  [Log] X 
2019-02-15 16:43:42,088 INFO  [Log] X 
2019-02-15 16:43:42,088 INFO  [Log] X 
